2025-09-19 14:55:53,521 - cimr_os.api - INFO - Initializing CIMR-OS modules...
2025-09-19 14:55:53,527 - cimr_os.api - INFO - Setting up ACAPS Compliance Module...
2025-09-19 14:55:53,536 - cimr_os.agents - INFO - Creating ACAPS Reporter agent...
2025-09-19 14:55:53,537 - cimr_os.agents - INFO - Creating Compliance Monitor agent...
2025-09-19 14:55:53,538 - cimr_os.agents - INFO - Creating Audit Tracker agent...
2025-09-19 14:55:53,539 - cimr_os.agents - INFO - Creating Regulation Watcher agent...
2025-09-19 14:55:53,540 - cimr_os.api - INFO - Setting up Member Relations Module...
2025-09-19 14:55:53,544 - cimr_os.agents - INFO - Creating CIMR Chatbot agent...
2025-09-19 14:55:53,545 - cimr_os.agents - INFO - Creating Pension Simulator agent...
2025-09-19 14:55:53,550 - cimr_os.agents - INFO - Creating Fraud Detector agent...
2025-09-19 14:55:53,551 - cimr_os.agents - INFO - Creating Retirement Planner agent...
2025-09-19 14:55:53,551 - cimr_os.api - INFO - Setting up Financial Risk Management Module...
2025-09-19 14:55:53,553 - cimr_os.agents - INFO - Creating VaR Calculator agent...
2025-09-19 14:55:53,554 - cimr_os.agents - INFO - Creating Stress Tester agent...
2025-09-19 14:55:53,557 - cimr_os.agents - INFO - Creating Credit Monitor agent...
2025-09-19 14:55:53,559 - cimr_os.agents - INFO - Creating Actuarial Risk Bot agent...
2025-09-19 14:55:53,559 - cimr_os.api - INFO - Setting up Actuarial Projections Module...
2025-09-19 14:55:53,560 - cimr_os.agents - INFO - Creating Demographic AI agent...
2025-09-19 14:55:53,560 - cimr_os.agents - INFO - Creating Pension Calculator agent...
2025-09-19 14:55:53,569 - cimr_os.agents - INFO - Creating Reserve Optimizer agent...
2025-09-19 14:55:53,569 - cimr_os.agents - INFO - Creating Scenario Planner agent...
2025-09-19 14:55:53,569 - cimr_os.api - INFO - Setting up Allocation Optimization Module...
2025-09-19 14:55:53,569 - cimr_os.agents - INFO - Creating Actuarial Optimizer agent...
2025-09-19 14:55:53,569 - cimr_os.agents - INFO - Creating Rebalancing AI agent...
2025-09-19 14:55:53,576 - cimr_os.agents - INFO - Creating OPCI Optimizer agent...
2025-09-19 14:55:53,576 - cimr_os.agents - INFO - Creating Scenario Stress Tester agent...
2025-09-19 14:55:53,582 - cimr_os.api - INFO - All modules initialized successfully!
